2022-01-01 00:29:50.626 | INFO     | src.utility:log_info:20 - 
Welcome to the tutorial. Here we will be taking look on various Python related basics. 
Each operations output will be shown on the console and you can navigate to the files for how it's being achieved.
2022-01-01 00:29:50.626 | DEBUG    | src.utility:print_new_line:12 - 🥳

2022-01-01 00:29:50.626 | INFO     | src.utility:log_info:20 - Let's start with numbers in python
2022-01-01 00:29:50.626 | DEBUG    | src.utility:log_debug:29 - 4
2022-01-01 00:29:50.626 | DEBUG    | src.utility:log_debug:29 - 8
2022-01-01 00:29:50.626 | DEBUG    | src.utility:log_debug:29 - 4.666666666666667
2022-01-01 00:29:50.626 | DEBUG    | src.utility:log_debug:29 - 2
2022-01-01 00:29:50.626 | DEBUG    | src.utility:log_debug:29 - 8
2022-01-01 00:29:50.626 | DEBUG    | src.utility:log_debug:29 - 102
2022-01-01 00:29:50.626 | DEBUG    | src.utility:log_debug:29 - 5.551115123125783e-17
2022-01-01 00:29:50.626 | DEBUG    | src.utility:print_new_line:12 - 🥳

2022-01-01 00:29:50.626 | INFO     | src.utility:log_info:20 - Let's start with variable assignments in python
2022-01-01 00:29:50.627 | DEBUG    | src.utility:log_debug:29 - 5
2022-01-01 00:29:50.627 | DEBUG    | src.utility:log_debug:29 - 10
2022-01-01 00:29:50.627 | DEBUG    | src.utility:log_debug:29 - 20
2022-01-01 00:29:50.627 | DEBUG    | src.utility:log_debug:29 - 20
2022-01-01 00:29:50.627 | DEBUG    | src.utility:log_debug:29 - 40
2022-01-01 00:29:50.627 | DEBUG    | src.utility:log_debug:29 - <class 'int'>
2022-01-01 00:29:50.627 | DEBUG    | src.utility:log_debug:29 - <class 'float'>
2022-01-01 00:29:50.627 | DEBUG    | src.utility:log_debug:29 - 10.0
2022-01-01 00:29:50.627 | DEBUG    | src.utility:print_new_line:12 - 🥳

2022-01-01 00:29:50.627 | INFO     | src.utility:log_info:20 - Let's start with Strings basics in python
2022-01-01 00:29:50.627 | DEBUG    | src.utility:log_debug:29 - hello
2022-01-01 00:29:50.627 | DEBUG    | src.utility:log_debug:29 - hello
2022-01-01 00:29:50.627 | DEBUG    | src.utility:log_debug:29 - i don't know
2022-01-01 00:29:50.627 | DEBUG    | src.utility:log_debug:29 - i 
 don't know
2022-01-01 00:29:50.627 | DEBUG    | src.utility:log_debug:29 - i 	 don't know
2022-01-01 00:29:50.627 | DEBUG    | src.utility:log_debug:29 - 6
2022-01-01 00:29:50.627 | DEBUG    | src.utility:print_new_line:12 - 🥳

2022-01-01 00:29:50.627 | INFO     | src.utility:log_info:20 - Let's start with Strings slicing and indexing in python
2022-01-01 00:29:50.627 | DEBUG    | src.utility:log_debug:29 - Hello World
2022-01-01 00:29:50.627 | DEBUG    | src.utility:log_debug:29 - H
2022-01-01 00:29:50.628 | DEBUG    | src.utility:log_debug:29 - r
2022-01-01 00:29:50.628 | DEBUG    | src.utility:log_debug:29 - abcdefghijk
2022-01-01 00:29:50.628 | DEBUG    | src.utility:log_debug:29 - c
2022-01-01 00:29:50.628 | DEBUG    | src.utility:log_debug:29 - cdefghijk
2022-01-01 00:29:50.628 | DEBUG    | src.utility:log_debug:29 - abc
2022-01-01 00:29:50.628 | DEBUG    | src.utility:log_debug:29 - def
2022-01-01 00:29:50.628 | DEBUG    | src.utility:log_debug:29 - acegik
2022-01-01 00:29:50.628 | DEBUG    | src.utility:log_debug:29 - ceg
2022-01-01 00:29:50.628 | DEBUG    | src.utility:log_debug:29 - kjihgfedcba
2022-01-01 00:29:50.628 | DEBUG    | src.utility:print_new_line:12 - 🥳

2022-01-01 00:29:50.628 | INFO     | src.utility:log_info:20 - Let's start with Strings properties and methods in python
2022-01-01 00:29:50.628 | ERROR    | src.utility:log_exception:47 - 'str' object does not support item assignment
Traceback (most recent call last):

  File "~/development_learning/python/UdemyCourse/2022_Python_Bootcamp/main.py", line 21, in <module>
    string_properties_methods()
    └ <function string_properties_methods at 0x1060a3c10>

> File "~/development_learning/python/UdemyCourse/2022_Python_Bootcamp/basics/objects_ds/strings.py", line 71, in string_properties_methods
    my_string[0] = "P"
    └ 'Hello'

TypeError: 'str' object does not support item assignment
2022-01-01 00:29:50.631 | DEBUG    | src.utility:log_debug:29 - ello World
2022-01-01 00:29:50.631 | DEBUG    | src.utility:log_debug:29 - Pello World
2022-01-01 00:29:50.631 | DEBUG    | src.utility:log_debug:29 - zzzzz
2022-01-01 00:29:50.631 | DEBUG    | src.utility:log_debug:29 - HELLO WORLD
2022-01-01 00:29:50.631 | DEBUG    | src.utility:log_debug:29 - hello world
2022-01-01 00:29:50.631 | DEBUG    | src.utility:log_debug:29 - ['Hello', 'World']
2022-01-01 00:29:50.631 | DEBUG    | src.utility:log_debug:29 - ['Hell', ' W', 'rld']
2022-01-01 00:29:50.631 | DEBUG    | src.utility:print_new_line:12 - 🥳

2022-01-01 00:29:50.631 | INFO     | src.utility:log_info:20 - Let's start with formatting Strings in python
2022-01-01 00:29:50.631 | DEBUG    | src.utility:log_debug:29 - This is one way of formatting string
2022-01-01 00:29:50.631 | DEBUG    | src.utility:log_debug:29 - This is one way of formatting string
2022-01-01 00:29:50.631 | DEBUG    | src.utility:log_debug:29 - The quick brown fox
2022-01-01 00:29:50.631 | DEBUG    | src.utility:log_debug:29 - The brown brown fox
2022-01-01 00:29:50.632 | DEBUG    | src.utility:log_debug:29 - The quick brown fox
2022-01-01 00:29:50.632 | DEBUG    | src.utility:log_debug:29 - 1.2987012987012987
2022-01-01 00:29:50.632 | DEBUG    | src.utility:log_debug:29 - The result was 1.299
2022-01-01 00:29:50.632 | DEBUG    | src.utility:log_debug:29 - Pradyot
2022-01-01 00:29:50.632 | DEBUG    | src.utility:log_debug:29 - My name is Pradyot
2022-01-01 00:29:50.632 | DEBUG    | src.utility:print_new_line:12 - 🥳

2022-01-01 00:29:50.632 | INFO     | src.utility:log_info:20 - Let's start with Lists in python
2022-01-01 00:29:50.632 | DEBUG    | src.utility:log_debug:29 - [1, 2, 3]
2022-01-01 00:29:50.632 | DEBUG    | src.utility:log_debug:29 - ['One', 2, 3.0]
2022-01-01 00:29:50.632 | DEBUG    | src.utility:log_debug:29 - 3
2022-01-01 00:29:50.632 | DEBUG    | src.utility:log_debug:29 - One
2022-01-01 00:29:50.632 | DEBUG    | src.utility:log_debug:29 - 3.0
2022-01-01 00:29:50.632 | DEBUG    | src.utility:log_debug:29 - ['One', 2, 3.0]
2022-01-01 00:29:50.632 | DEBUG    | src.utility:log_debug:29 - ['One', 2]
2022-01-01 00:29:50.632 | DEBUG    | src.utility:log_debug:29 - ['One', 2, 3.0, 'Four', 'Five']
2022-01-01 00:29:50.632 | DEBUG    | src.utility:log_debug:29 - [1, 2, 3.0]
2022-01-01 00:29:50.632 | DEBUG    | src.utility:log_debug:29 - [1, 2, 3.0, 4.0, 5.0, 7.0, 'Eight', 9]
2022-01-01 00:29:50.632 | DEBUG    | src.utility:log_debug:29 - [1, 2, 3.0, 4.0, 5.0, 7.0, 'Eight']
2022-01-01 00:29:50.632 | DEBUG    | src.utility:log_debug:29 - [1, 2, 3.0, 4.0, 5.0, 7.0]
2022-01-01 00:29:50.632 | DEBUG    | src.utility:log_debug:29 - Eight
2022-01-01 00:29:50.632 | DEBUG    | src.utility:log_debug:29 - [1, 2, 3.0, 5.0, 7.0]
2022-01-01 00:29:50.633 | DEBUG    | src.utility:log_debug:29 - 4.0
2022-01-01 00:29:50.633 | DEBUG    | src.utility:log_debug:29 - [1, 2, 3.0, 5.0, 7.0]
2022-01-01 00:29:50.633 | DEBUG    | src.utility:log_debug:29 - [7.0, 5.0, 3.0, 2, 1]
2022-01-01 00:29:50.633 | DEBUG    | src.utility:print_new_line:12 - 🥳

2022-01-01 00:29:50.633 | INFO     | src.utility:log_info:20 - Let's start with Dictionaries in python
2022-01-01 00:29:50.633 | DEBUG    | src.utility:log_debug:29 - {'key1': 'value1', 'key2': 'value2'}
2022-01-01 00:29:50.633 | DEBUG    | src.utility:log_debug:29 - value1
2022-01-01 00:29:50.633 | DEBUG    | src.utility:log_debug:29 - {'k1': [1, 2, 3], 'k2': 123, 'k3': 12.4, 'k4': {'k41': 'indent'}}
2022-01-01 00:29:50.633 | DEBUG    | src.utility:log_debug:29 - [1, 2, 3]
2022-01-01 00:29:50.633 | DEBUG    | src.utility:log_debug:29 - INDENT
2022-01-01 00:29:50.633 | DEBUG    | src.utility:log_debug:29 - {'k1': [1, 2, 3], 'k2': 123, 'k3': 12.4, 'k4': {'k41': 'indent'}, 'k5': 'New item in dict'}
2022-01-01 00:29:50.633 | DEBUG    | src.utility:log_debug:29 - {'k1': [3, 2, 1], 'k2': 123, 'k3': 12.4, 'k4': {'k41': 'indent'}, 'k5': 'New item in dict'}
2022-01-01 00:29:50.633 | DEBUG    | src.utility:log_debug:29 - dict_keys(['k1', 'k2', 'k3', 'k4', 'k5'])
2022-01-01 00:29:50.633 | DEBUG    | src.utility:log_debug:29 - dict_values([[3, 2, 1], 123, 12.4, {'k41': 'indent'}, 'New item in dict'])
2022-01-01 00:29:50.633 | DEBUG    | src.utility:log_debug:29 - dict_items([('k1', [3, 2, 1]), ('k2', 123), ('k3', 12.4), ('k4', {'k41': 'indent'}), ('k5', 'New item in dict')])
2022-01-01 00:29:50.633 | DEBUG    | src.utility:print_new_line:12 - 🥳

2022-01-01 00:29:50.633 | INFO     | src.utility:log_info:20 - Let's start with Tuples in python
2022-01-01 00:29:50.633 | ERROR    | src.utility:log_exception:47 - 'tuple' object does not support item assignment
Traceback (most recent call last):

  File "~/development_learning/python/UdemyCourse/2022_Python_Bootcamp/main.py", line 33, in <module>
    tuples_basics()
    └ <function tuples_basics at 0x1060a3e50>

> File "~/development_learning/python/UdemyCourse/2022_Python_Bootcamp/basics/objects_ds/tuples.py", line 15, in tuples_basics
    my_tuple[0] = "P"
    └ (1, 2, 3)

TypeError: 'tuple' object does not support item assignment
2022-01-01 00:29:50.634 | DEBUG    | src.utility:log_debug:29 - (1, 2, 3)
2022-01-01 00:29:50.634 | DEBUG    | src.utility:log_debug:29 - [1, 2, 3]
2022-01-01 00:29:50.634 | DEBUG    | src.utility:log_debug:29 - <class 'tuple'>
2022-01-01 00:29:50.634 | DEBUG    | src.utility:log_debug:29 - <class 'list'>
2022-01-01 00:29:50.634 | DEBUG    | src.utility:log_debug:29 - (1, 'one')
2022-01-01 00:29:50.634 | DEBUG    | src.utility:log_debug:29 - one
2022-01-01 00:29:50.634 | DEBUG    | src.utility:log_debug:29 - 3
2022-01-01 00:29:50.634 | DEBUG    | src.utility:log_debug:29 - 3
2022-01-01 00:29:50.635 | DEBUG    | src.utility:log_debug:29 - 0
2022-01-01 00:29:50.635 | DEBUG    | src.utility:print_new_line:12 - 🥳

2022-01-01 00:29:50.635 | INFO     | src.utility:log_info:20 - Let's start with Sets in python
2022-01-01 00:29:50.635 | DEBUG    | src.utility:log_debug:29 - {1, 2}
2022-01-01 00:29:50.635 | DEBUG    | src.utility:log_debug:29 - {1, 2}
2022-01-01 00:29:50.635 | DEBUG    | src.utility:log_debug:29 - [1, 1, 1, 2, 2, 3, 3, 3]
2022-01-01 00:29:50.635 | DEBUG    | src.utility:log_debug:29 - {1, 2, 3}
2022-01-01 00:29:50.635 | DEBUG    | src.utility:log_debug:29 - {'i', 'p', 'M', 's'}
2022-01-01 00:29:50.635 | DEBUG    | src.utility:print_new_line:12 - 🥳

2022-01-01 00:29:50.635 | INFO     | src.utility:log_info:20 - Let's start with Booleans in python
2022-01-01 00:29:50.635 | DEBUG    | src.utility:log_debug:29 - True
2022-01-01 00:29:50.635 | DEBUG    | src.utility:log_debug:29 - False
2022-01-01 00:29:50.635 | DEBUG    | src.utility:log_debug:29 - <class 'bool'>
2022-01-01 00:29:50.635 | DEBUG    | src.utility:log_debug:29 - False
2022-01-01 00:29:50.635 | DEBUG    | src.utility:log_debug:29 - True
2022-01-01 00:29:50.635 | DEBUG    | src.utility:log_debug:29 - False
2022-01-01 00:29:50.635 | DEBUG    | src.utility:print_new_line:12 - 🥳

2022-01-01 00:29:50.635 | INFO     | src.utility:log_info:20 - Let's start with I/O with Files in python
2022-01-01 00:29:50.635 | DEBUG    | src.utility:log_debug:29 - <_io.TextIOWrapper name='data/test.txt' mode='r' encoding='UTF-8'>
2022-01-01 00:29:50.635 | DEBUG    | src.utility:log_debug:29 - First line
Seconf line
2022-01-01 00:29:50.636 | DEBUG    | src.utility:log_debug:29 - 
2022-01-01 00:29:50.636 | DEBUG    | src.utility:log_debug:29 - First line
Seconf line
2022-01-01 00:29:50.636 | DEBUG    | src.utility:log_debug:29 - ['First line\n', 'Seconf line']
2022-01-01 00:29:50.636 | DEBUG    | src.utility:log_debug:29 - First line
Seconf line
2022-01-01 00:29:50.636 | DEBUG    | src.utility:log_debug:29 - First line
Seconf line
2022-01-01 00:29:50.636 | ERROR    | src.utility:log_exception:47 - not readable
Traceback (most recent call last):

  File "~/development_learning/python/UdemyCourse/2022_Python_Bootcamp/main.py", line 42, in <module>
    io_with_files_basics()
    └ <function io_with_files_basics at 0x1060ba1f0>

  File "~/development_learning/python/UdemyCourse/2022_Python_Bootcamp/basics/objects_ds/io_with_files.py", line 84, in io_with_files_basics
    write_files()
    └ <function write_files at 0x1060ba160>

> File "~/development_learning/python/UdemyCourse/2022_Python_Bootcamp/basics/objects_ds/io_with_files.py", line 51, in write_files
    content = my_file.read()
              │       └ <method 'read' of '_io.TextIOWrapper' objects>
              └ <_io.TextIOWrapper name='data/new_test.txt' mode='w' encoding='UTF-8'>

io.UnsupportedOperation: not readable
2022-01-01 00:29:50.637 | DEBUG    | src.utility:log_debug:29 - ONE ON FIRST
TWO ON SECOND
THREE ON THIRD
2022-01-01 00:29:50.637 | DEBUG    | src.utility:log_debug:29 - ONE ON FIRST
TWO ON SECOND
THREE ON THIRD
FOUR ON FOURTH
2022-01-01 00:29:50.637 | DEBUG    | src.utility:log_debug:29 - I created this file
2022-01-01 00:29:50.637 | DEBUG    | src.utility:print_new_line:12 - 🥳

